<?xml version="1.0" encoding="UTF-8"?>
<testng-results ignored="0" total="17" passed="17" failed="0" skipped="0">
  <reporter-output>
  </reporter-output>
  <suite started-at="2026-06-14T18:19:26 IST" name="Default suite" finished-at="2026-06-14T18:21:47 IST" duration-ms="140863">
    <groups>
    </groups>
    <test started-at="2026-06-14T18:19:26 IST" name="Default test" finished-at="2026-06-14T18:21:47 IST" duration-ms="140863">
      <class name="testcases.GuiElementsTest">
        <test-method is-config="true" signature="setup()[pri:0, instance:testcases.GuiElementsTest@178213b]" started-at="2026-06-14T18:19:26 IST" name="setup" finished-at="2026-06-14T18:19:31 IST" duration-ms="5151" status="PASS">
          <reporter-output>
          </reporter-output>
        </test-method> <!-- setup -->
        <test-method signature="test01_NameFields()[pri:1, instance:testcases.GuiElementsTest@178213b]" started-at="2026-06-14T18:19:31 IST" name="test01_NameFields" finished-at="2026-06-14T18:19:32 IST" duration-ms="1208" status="PASS">
          <reporter-output>
          </reporter-output>
        </test-method> <!-- test01_NameFields -->
        <test-method is-config="true" signature="tearDown()[pri:0, instance:testcases.GuiElementsTest@178213b]" started-at="2026-06-14T18:19:32 IST" name="tearDown" finished-at="2026-06-14T18:19:33 IST" duration-ms="272" status="PASS">
          <reporter-output>
          </reporter-output>
        </test-method> <!-- tearDown -->
        <test-method is-config="true" signature="setup()[pri:0, instance:testcases.GuiElementsTest@178213b]" started-at="2026-06-14T18:19:33 IST" name="setup" finished-at="2026-06-14T18:19:37 IST" duration-ms="4621" status="PASS">
          <reporter-output>
          </reporter-output>
        </test-method> <!-- setup -->
        <test-method signature="test02_EmailField()[pri:2, instance:testcases.GuiElementsTest@178213b]" started-at="2026-06-14T18:19:37 IST" name="test02_EmailField" finished-at="2026-06-14T18:19:38 IST" duration-ms="1137" status="PASS">
          <reporter-output>
          </reporter-output>
        </test-method> <!-- test02_EmailField -->
        <test-method is-config="true" signature="tearDown()[pri:0, instance:testcases.GuiElementsTest@178213b]" started-at="2026-06-14T18:19:39 IST" name="tearDown" finished-at="2026-06-14T18:19:39 IST" duration-ms="184" status="PASS">
          <reporter-output>
          </reporter-output>
        </test-method> <!-- tearDown -->
        <test-method is-config="true" signature="setup()[pri:0, instance:testcases.GuiElementsTest@178213b]" started-at="2026-06-14T18:19:39 IST" name="setup" finished-at="2026-06-14T18:19:44 IST" duration-ms="4911" status="PASS">
          <reporter-output>
          </reporter-output>
        </test-method> <!-- setup -->
        <test-method signature="test03_PhoneField()[pri:3, instance:testcases.GuiElementsTest@178213b]" started-at="2026-06-14T18:19:44 IST" name="test03_PhoneField" finished-at="2026-06-14T18:19:45 IST" duration-ms="1118" status="PASS">
          <reporter-output>
          </reporter-output>
        </test-method> <!-- test03_PhoneField -->
        <test-method is-config="true" signature="tearDown()[pri:0, instance:testcases.GuiElementsTest@178213b]" started-at="2026-06-14T18:19:45 IST" name="tearDown" finished-at="2026-06-14T18:19:45 IST" duration-ms="168" status="PASS">
          <reporter-output>
          </reporter-output>
        </test-method> <!-- tearDown -->
        <test-method is-config="true" signature="setup()[pri:0, instance:testcases.GuiElementsTest@178213b]" started-at="2026-06-14T18:19:45 IST" name="setup" finished-at="2026-06-14T18:19:49 IST" duration-ms="4237" status="PASS">
          <reporter-output>
          </reporter-output>
        </test-method> <!-- setup -->
        <test-method signature="test04_AddressField()[pri:4, instance:testcases.GuiElementsTest@178213b]" started-at="2026-06-14T18:19:49 IST" name="test04_AddressField" finished-at="2026-06-14T18:19:50 IST" duration-ms="1140" status="PASS">
          <reporter-output>
          </reporter-output>
        </test-method> <!-- test04_AddressField -->
        <test-method is-config="true" signature="tearDown()[pri:0, instance:testcases.GuiElementsTest@178213b]" started-at="2026-06-14T18:19:51 IST" name="tearDown" finished-at="2026-06-14T18:19:51 IST" duration-ms="185" status="PASS">
          <reporter-output>
          </reporter-output>
        </test-method> <!-- tearDown -->
        <test-method is-config="true" signature="setup()[pri:0, instance:testcases.GuiElementsTest@178213b]" started-at="2026-06-14T18:19:51 IST" name="setup" finished-at="2026-06-14T18:19:55 IST" duration-ms="4521" status="PASS">
          <reporter-output>
          </reporter-output>
        </test-method> <!-- setup -->
        <test-method signature="test05_GenderSelection()[pri:5, instance:testcases.GuiElementsTest@178213b]" started-at="2026-06-14T18:19:55 IST" name="test05_GenderSelection" finished-at="2026-06-14T18:19:57 IST" duration-ms="2126" status="PASS">
          <reporter-output>
          </reporter-output>
        </test-method> <!-- test05_GenderSelection -->
        <test-method is-config="true" signature="tearDown()[pri:0, instance:testcases.GuiElementsTest@178213b]" started-at="2026-06-14T18:19:58 IST" name="tearDown" finished-at="2026-06-14T18:19:58 IST" duration-ms="156" status="PASS">
          <reporter-output>
          </reporter-output>
        </test-method> <!-- tearDown -->
        <test-method is-config="true" signature="setup()[pri:0, instance:testcases.GuiElementsTest@178213b]" started-at="2026-06-14T18:19:58 IST" name="setup" finished-at="2026-06-14T18:20:02 IST" duration-ms="4589" status="PASS">
          <reporter-output>
          </reporter-output>
        </test-method> <!-- setup -->
        <test-method signature="testDaysCheckboxes()[pri:6, instance:testcases.GuiElementsTest@178213b]" started-at="2026-06-14T18:20:02 IST" name="testDaysCheckboxes" finished-at="2026-06-14T18:20:09 IST" duration-ms="6282" status="PASS">
          <reporter-output>
          </reporter-output>
        </test-method> <!-- testDaysCheckboxes -->
        <test-method is-config="true" signature="tearDown()[pri:0, instance:testcases.GuiElementsTest@178213b]" started-at="2026-06-14T18:20:09 IST" name="tearDown" finished-at="2026-06-14T18:20:09 IST" duration-ms="181" status="PASS">
          <reporter-output>
          </reporter-output>
        </test-method> <!-- tearDown -->
        <test-method is-config="true" signature="setup()[pri:0, instance:testcases.GuiElementsTest@178213b]" started-at="2026-06-14T18:20:09 IST" name="setup" finished-at="2026-06-14T18:20:13 IST" duration-ms="4078" status="PASS">
          <reporter-output>
          </reporter-output>
        </test-method> <!-- setup -->
        <test-method signature="testCountryDropdown()[pri:7, instance:testcases.GuiElementsTest@178213b]" started-at="2026-06-14T18:20:13 IST" name="testCountryDropdown" finished-at="2026-06-14T18:20:15 IST" duration-ms="2121" status="PASS">
          <reporter-output>
          </reporter-output>
        </test-method> <!-- testCountryDropdown -->
        <test-method is-config="true" signature="tearDown()[pri:0, instance:testcases.GuiElementsTest@178213b]" started-at="2026-06-14T18:20:15 IST" name="tearDown" finished-at="2026-06-14T18:20:15 IST" duration-ms="165" status="PASS">
          <reporter-output>
          </reporter-output>
        </test-method> <!-- tearDown -->
        <test-method is-config="true" signature="setup()[pri:0, instance:testcases.GuiElementsTest@178213b]" started-at="2026-06-14T18:20:15 IST" name="setup" finished-at="2026-06-14T18:20:20 IST" duration-ms="4449" status="PASS">
          <reporter-output>
          </reporter-output>
        </test-method> <!-- setup -->
        <test-method signature="testColorsDropdown()[pri:8, instance:testcases.GuiElementsTest@178213b]" started-at="2026-06-14T18:20:20 IST" name="testColorsDropdown" finished-at="2026-06-14T18:20:24 IST" duration-ms="4222" status="PASS">
          <reporter-output>
          </reporter-output>
        </test-method> <!-- testColorsDropdown -->
        <test-method is-config="true" signature="tearDown()[pri:0, instance:testcases.GuiElementsTest@178213b]" started-at="2026-06-14T18:20:24 IST" name="tearDown" finished-at="2026-06-14T18:20:24 IST" duration-ms="179" status="PASS">
          <reporter-output>
          </reporter-output>
        </test-method> <!-- tearDown -->
        <test-method is-config="true" signature="setup()[pri:0, instance:testcases.GuiElementsTest@178213b]" started-at="2026-06-14T18:20:24 IST" name="setup" finished-at="2026-06-14T18:20:29 IST" duration-ms="4406" status="PASS">
          <reporter-output>
          </reporter-output>
        </test-method> <!-- setup -->
        <test-method signature="testSortedListDropdown()[pri:9, instance:testcases.GuiElementsTest@178213b]" started-at="2026-06-14T18:20:29 IST" name="testSortedListDropdown" finished-at="2026-06-14T18:20:31 IST" duration-ms="2115" status="PASS">
          <reporter-output>
          </reporter-output>
        </test-method> <!-- testSortedListDropdown -->
        <test-method is-config="true" signature="tearDown()[pri:0, instance:testcases.GuiElementsTest@178213b]" started-at="2026-06-14T18:20:31 IST" name="tearDown" finished-at="2026-06-14T18:20:31 IST" duration-ms="205" status="PASS">
          <reporter-output>
          </reporter-output>
        </test-method> <!-- tearDown -->
        <test-method is-config="true" signature="setup()[pri:0, instance:testcases.GuiElementsTest@178213b]" started-at="2026-06-14T18:20:31 IST" name="setup" finished-at="2026-06-14T18:20:35 IST" duration-ms="4062" status="PASS">
          <reporter-output>
          </reporter-output>
        </test-method> <!-- setup -->
        <test-method signature="testDatePicker()[pri:10, instance:testcases.GuiElementsTest@178213b]" started-at="2026-06-14T18:20:35 IST" name="testDatePicker" finished-at="2026-06-14T18:20:45 IST" duration-ms="10331" status="PASS">
          <reporter-output>
          </reporter-output>
        </test-method> <!-- testDatePicker -->
        <test-method is-config="true" signature="tearDown()[pri:0, instance:testcases.GuiElementsTest@178213b]" started-at="2026-06-14T18:20:46 IST" name="tearDown" finished-at="2026-06-14T18:20:46 IST" duration-ms="176" status="PASS">
          <reporter-output>
          </reporter-output>
        </test-method> <!-- tearDown -->
        <test-method is-config="true" signature="setup()[pri:0, instance:testcases.GuiElementsTest@178213b]" started-at="2026-06-14T18:20:46 IST" name="setup" finished-at="2026-06-14T18:20:51 IST" duration-ms="5211" status="PASS">
          <reporter-output>
          </reporter-output>
        </test-method> <!-- setup -->
        <test-method signature="testFileUpload()[pri:11, instance:testcases.GuiElementsTest@178213b]" started-at="2026-06-14T18:20:51 IST" name="testFileUpload" finished-at="2026-06-14T18:20:57 IST" duration-ms="6201" status="PASS">
          <reporter-output>
          </reporter-output>
        </test-method> <!-- testFileUpload -->
        <test-method is-config="true" signature="tearDown()[pri:0, instance:testcases.GuiElementsTest@178213b]" started-at="2026-06-14T18:20:57 IST" name="tearDown" finished-at="2026-06-14T18:20:57 IST" duration-ms="202" status="PASS">
          <reporter-output>
          </reporter-output>
        </test-method> <!-- tearDown -->
        <test-method is-config="true" signature="setup()[pri:0, instance:testcases.GuiElementsTest@178213b]" started-at="2026-06-14T18:20:57 IST" name="setup" finished-at="2026-06-14T18:21:03 IST" duration-ms="5853" status="PASS">
          <reporter-output>
          </reporter-output>
        </test-method> <!-- setup -->
        <test-method signature="testAlerts()[pri:12, instance:testcases.GuiElementsTest@178213b]" started-at="2026-06-14T18:21:03 IST" name="testAlerts" finished-at="2026-06-14T18:21:10 IST" duration-ms="6268" status="PASS">
          <reporter-output>
          </reporter-output>
        </test-method> <!-- testAlerts -->
        <test-method is-config="true" signature="tearDown()[pri:0, instance:testcases.GuiElementsTest@178213b]" started-at="2026-06-14T18:21:10 IST" name="tearDown" finished-at="2026-06-14T18:21:10 IST" duration-ms="215" status="PASS">
          <reporter-output>
          </reporter-output>
        </test-method> <!-- tearDown -->
        <test-method is-config="true" signature="setup()[pri:0, instance:testcases.GuiElementsTest@178213b]" started-at="2026-06-14T18:21:10 IST" name="setup" finished-at="2026-06-14T18:21:15 IST" duration-ms="4791" status="PASS">
          <reporter-output>
          </reporter-output>
        </test-method> <!-- setup -->
        <test-method signature="testMouseHover()[pri:13, instance:testcases.GuiElementsTest@178213b]" started-at="2026-06-14T18:21:15 IST" name="testMouseHover" finished-at="2026-06-14T18:21:18 IST" duration-ms="3186" status="PASS">
          <reporter-output>
          </reporter-output>
        </test-method> <!-- testMouseHover -->
        <test-method is-config="true" signature="tearDown()[pri:0, instance:testcases.GuiElementsTest@178213b]" started-at="2026-06-14T18:21:18 IST" name="tearDown" finished-at="2026-06-14T18:21:18 IST" duration-ms="211" status="PASS">
          <reporter-output>
          </reporter-output>
        </test-method> <!-- tearDown -->
        <test-method is-config="true" signature="setup()[pri:0, instance:testcases.GuiElementsTest@178213b]" started-at="2026-06-14T18:21:18 IST" name="setup" finished-at="2026-06-14T18:21:22 IST" duration-ms="3905" status="PASS">
          <reporter-output>
          </reporter-output>
        </test-method> <!-- setup -->
        <test-method signature="testDoubleClick()[pri:14, instance:testcases.GuiElementsTest@178213b]" started-at="2026-06-14T18:21:22 IST" name="testDoubleClick" finished-at="2026-06-14T18:21:25 IST" duration-ms="3199" status="PASS">
          <reporter-output>
          </reporter-output>
        </test-method> <!-- testDoubleClick -->
        <test-method is-config="true" signature="tearDown()[pri:0, instance:testcases.GuiElementsTest@178213b]" started-at="2026-06-14T18:21:25 IST" name="tearDown" finished-at="2026-06-14T18:21:25 IST" duration-ms="205" status="PASS">
          <reporter-output>
          </reporter-output>
        </test-method> <!-- tearDown -->
        <test-method is-config="true" signature="setup()[pri:0, instance:testcases.GuiElementsTest@178213b]" started-at="2026-06-14T18:21:25 IST" name="setup" finished-at="2026-06-14T18:21:30 IST" duration-ms="4435" status="PASS">
          <reporter-output>
          </reporter-output>
        </test-method> <!-- setup -->
        <test-method signature="testDragAndDrop()[pri:15, instance:testcases.GuiElementsTest@178213b]" started-at="2026-06-14T18:21:30 IST" name="testDragAndDrop" finished-at="2026-06-14T18:21:33 IST" duration-ms="3296" status="PASS">
          <reporter-output>
          </reporter-output>
        </test-method> <!-- testDragAndDrop -->
        <test-method is-config="true" signature="tearDown()[pri:0, instance:testcases.GuiElementsTest@178213b]" started-at="2026-06-14T18:21:33 IST" name="tearDown" finished-at="2026-06-14T18:21:33 IST" duration-ms="212" status="PASS">
          <reporter-output>
          </reporter-output>
        </test-method> <!-- tearDown -->
        <test-method is-config="true" signature="setup()[pri:0, instance:testcases.GuiElementsTest@178213b]" started-at="2026-06-14T18:21:33 IST" name="setup" finished-at="2026-06-14T18:21:38 IST" duration-ms="4553" status="PASS">
          <reporter-output>
          </reporter-output>
        </test-method> <!-- setup -->
        <test-method signature="testSlider()[pri:16, instance:testcases.GuiElementsTest@178213b]" started-at="2026-06-14T18:21:38 IST" name="testSlider" finished-at="2026-06-14T18:21:41 IST" duration-ms="3451" status="PASS">
          <reporter-output>
          </reporter-output>
        </test-method> <!-- testSlider -->
        <test-method is-config="true" signature="tearDown()[pri:0, instance:testcases.GuiElementsTest@178213b]" started-at="2026-06-14T18:21:42 IST" name="tearDown" finished-at="2026-06-14T18:21:42 IST" duration-ms="187" status="PASS">
          <reporter-output>
          </reporter-output>
        </test-method> <!-- tearDown -->
        <test-method is-config="true" signature="setup()[pri:0, instance:testcases.GuiElementsTest@178213b]" started-at="2026-06-14T18:21:42 IST" name="setup" finished-at="2026-06-14T18:21:46 IST" duration-ms="4547" status="PASS">
          <reporter-output>
          </reporter-output>
        </test-method> <!-- setup -->
        <test-method signature="verifyCompleteExecution()[pri:17, instance:testcases.GuiElementsTest@178213b]" started-at="2026-06-14T18:21:46 IST" name="verifyCompleteExecution" finished-at="2026-06-14T18:21:46 IST" duration-ms="8" status="PASS">
          <reporter-output>
          </reporter-output>
        </test-method> <!-- verifyCompleteExecution -->
        <test-method is-config="true" signature="tearDown()[pri:0, instance:testcases.GuiElementsTest@178213b]" started-at="2026-06-14T18:21:47 IST" name="tearDown" finished-at="2026-06-14T18:21:47 IST" duration-ms="203" status="PASS">
          <reporter-output>
          </reporter-output>
        </test-method> <!-- tearDown -->
      </class> <!-- testcases.GuiElementsTest -->
    </test> <!-- Default test -->
  </suite> <!-- Default suite -->
</testng-results>
