<?xml version="1.0" encoding="UTF-8"?>
<!-- Generated by org.testng.reporters.JUnitXMLReporter -->
<testsuite ignored="0" hostname="Yatish-pc" failures="0" tests="17" name="Default test" time="140.863" errors="0" timestamp="2026-06-14T18:21:47 IST">
  <testcase classname="testcases.GuiElementsTest" name="test01_NameFields" time="1.208"/>
  <testcase classname="testcases.GuiElementsTest" name="test02_EmailField" time="1.137"/>
  <testcase classname="testcases.GuiElementsTest" name="test03_PhoneField" time="1.118"/>
  <testcase classname="testcases.GuiElementsTest" name="test04_AddressField" time="1.14"/>
  <testcase classname="testcases.GuiElementsTest" name="test05_GenderSelection" time="2.126"/>
  <testcase classname="testcases.GuiElementsTest" name="testDaysCheckboxes" time="6.282"/>
  <testcase classname="testcases.GuiElementsTest" name="testCountryDropdown" time="2.121"/>
  <testcase classname="testcases.GuiElementsTest" name="testColorsDropdown" time="4.222"/>
  <testcase classname="testcases.GuiElementsTest" name="testSortedListDropdown" time="2.115"/>
  <testcase classname="testcases.GuiElementsTest" name="testDatePicker" time="10.331"/>
  <testcase classname="testcases.GuiElementsTest" name="testFileUpload" time="6.201"/>
  <testcase classname="testcases.GuiElementsTest" name="testAlerts" time="6.268"/>
  <testcase classname="testcases.GuiElementsTest" name="testMouseHover" time="3.186"/>
  <testcase classname="testcases.GuiElementsTest" name="testDoubleClick" time="3.199"/>
  <testcase classname="testcases.GuiElementsTest" name="testDragAndDrop" time="3.296"/>
  <testcase classname="testcases.GuiElementsTest" name="testSlider" time="3.451"/>
  <testcase classname="testcases.GuiElementsTest" name="verifyCompleteExecution" time="0.008"/>
</testsuite> <!-- Default test -->
