<?xml version="1.0" encoding="UTF-8"?>
<!-- Generated by org.testng.reporters.JUnitReportReporter -->
<testsuite hostname="Yatish-pc" failures="0" tests="17" name="testcases.GuiElementsTest" time="139.035" errors="0" timestamp="2026-06-14T18:21:47 IST" skipped="0">
  <testcase classname="testcases.GuiElementsTest" name="test01_NameFields" time="5.454"/>
  <testcase classname="testcases.GuiElementsTest" name="test02_EmailField" time="5.877"/>
  <testcase classname="testcases.GuiElementsTest" name="test03_PhoneField" time="5.892"/>
  <testcase classname="testcases.GuiElementsTest" name="test04_AddressField" time="5.826"/>
  <testcase classname="testcases.GuiElementsTest" name="test05_GenderSelection" time="7.239"/>
  <testcase classname="testcases.GuiElementsTest" name="testDaysCheckboxes" time="10.368"/>
  <testcase classname="testcases.GuiElementsTest" name="testCountryDropdown" time="6.573"/>
  <testcase classname="testcases.GuiElementsTest" name="testColorsDropdown" time="8.860"/>
  <testcase classname="testcases.GuiElementsTest" name="testSortedListDropdown" time="6.732"/>
  <testcase classname="testcases.GuiElementsTest" name="testDatePicker" time="14.992"/>
  <testcase classname="testcases.GuiElementsTest" name="testFileUpload" time="10.953"/>
  <testcase classname="testcases.GuiElementsTest" name="testAlerts" time="11.684"/>
  <testcase classname="testcases.GuiElementsTest" name="testMouseHover" time="9.195"/>
  <testcase classname="testcases.GuiElementsTest" name="testDoubleClick" time="8.166"/>
  <testcase classname="testcases.GuiElementsTest" name="testDragAndDrop" time="8.189"/>
  <testcase classname="testcases.GuiElementsTest" name="testSlider" time="8.786"/>
  <testcase classname="testcases.GuiElementsTest" name="verifyCompleteExecution" time="4.249"/>
</testsuite> <!-- testcases.GuiElementsTest -->
